2023-06-22 08:59:43,229 INFO  [org.jboss.modules] (main) JBoss Modules version 2.0.3.Final
2023-06-22 08:59:43,839 INFO  [org.jboss.msc] (main) JBoss MSC version 1.4.13.Final
2023-06-22 08:59:43,845 INFO  [org.jboss.threads] (main) JBoss Threads version 2.4.0.Final
2023-06-22 08:59:43,918 INFO  [org.jboss.as] (MSC service thread 1-2) WFLYSRV0049: WildFly Full 27.0.1.Final (WildFly Core 19.0.1.Final) starting
2023-06-22 08:59:43,919 DEBUG [org.jboss.as.config] (MSC service thread 1-2) Configured system properties:
	file.encoding = UTF-8
	file.separator = /
	java.awt.headless = true
	java.class.path = /Users/kevinjapa/Downloads/wildfly-27.0.1.Final/jboss-modules.jar
	java.class.version = 61.0
	java.home = /Applications/Eclipse.app/Contents/Eclipse/plugins/org.eclipse.justj.openjdk.hotspot.jre.full.macosx.aarch64_17.0.7.v20230425-1502/jre
	java.io.tmpdir = /var/folders/3z/x0r1p0bd2f7b2ysdskjmx4yc0000gn/T/
	java.library.path = /Users/kevinjapa/Library/Java/Extensions:/Library/Java/Extensions:/Network/Library/Java/Extensions:/System/Library/Java/Extensions:/usr/lib/java:.
	java.net.preferIPv4Stack = true
	java.runtime.name = OpenJDK Runtime Environment
	java.runtime.version = 17.0.7+7
	java.specification.name = Java Platform API Specification
	java.specification.vendor = Oracle Corporation
	java.specification.version = 17
	java.util.logging.manager = org.jboss.logmanager.LogManager
	java.vendor = Eclipse Adoptium
	java.vendor.url = https://adoptium.net/
	java.vendor.url.bug = https://github.com/adoptium/adoptium-support/issues
	java.vendor.version = Temurin-17.0.7+7
	java.version = 17.0.7
	java.version.date = 2023-04-18
	java.vm.compressedOopsMode = Zero based
	java.vm.info = mixed mode
	java.vm.name = OpenJDK 64-Bit Server VM
	java.vm.specification.name = Java Virtual Machine Specification
	java.vm.specification.vendor = Oracle Corporation
	java.vm.specification.version = 17
	java.vm.vendor = Eclipse Adoptium
	java.vm.version = 17.0.7+7
	javax.management.builder.initial = org.jboss.as.jmx.PluggableMBeanServerBuilder
	jboss.bind.address = localhost
	jboss.bind.address.management = localhost
	jboss.home.dir = /Users/kevinjapa/Downloads/wildfly-27.0.1.Final
	jboss.host.name = macbook-pro-de-kevin
	jboss.modules.dir = /Users/kevinjapa/Downloads/wildfly-27.0.1.Final/modules
	jboss.modules.system.pkgs = org.jboss.byteman
	jboss.node.name = macbook-pro-de-kevin
	jboss.qualified.host.name = macbook-pro-de-kevin.local
	jboss.server.base.dir = /Users/kevinjapa/Downloads/wildfly-27.0.1.Final/standalone
	jboss.server.config.dir = /Users/kevinjapa/Downloads/wildfly-27.0.1.Final/standalone/configuration
	jboss.server.data.dir = /Users/kevinjapa/Downloads/wildfly-27.0.1.Final/standalone/data
	jboss.server.deploy.dir = /Users/kevinjapa/Downloads/wildfly-27.0.1.Final/standalone/data/content
	jboss.server.log.dir = /Users/kevinjapa/Downloads/wildfly-27.0.1.Final/standalone/log
	jboss.server.name = macbook-pro-de-kevin
	jboss.server.persist.config = true
	jboss.server.temp.dir = /Users/kevinjapa/Downloads/wildfly-27.0.1.Final/standalone/tmp
	jdk.debug = release
	line.separator = 

	logging.configuration = file:/Users/kevinjapa/Downloads/wildfly-27.0.1.Final/standalone/configuration/logging.properties
	module.path = /Users/kevinjapa/Downloads/wildfly-27.0.1.Final/modules
	native.encoding = UTF-8
	org.jboss.boot.log.file = /Users/kevinjapa/Downloads/wildfly-27.0.1.Final/standalone/log/boot.log
	org.jboss.logmanager.nocolor = true
	org.jboss.resolver.warning = true
	os.arch = aarch64
	os.name = Mac OS X
	os.version = 13.4
	path.separator = :
	program.name = JBossTools: WildFly 27
	sun.arch.data.model = 64
	sun.boot.library.path = /Applications/Eclipse.app/Contents/Eclipse/plugins/org.eclipse.justj.openjdk.hotspot.jre.full.macosx.aarch64_17.0.7.v20230425-1502/jre/lib
	sun.cpu.endian = little
	sun.io.unicode.encoding = UnicodeBig
	sun.java.command = org.jboss.modules.Main -mp /Users/kevinjapa/Downloads/wildfly-27.0.1.Final/modules org.jboss.as.standalone -b localhost --server-config=standalone.xml -Djboss.server.base.dir=/Users/kevinjapa/Downloads/wildfly-27.0.1.Final/standalone
	sun.java.launcher = SUN_STANDARD
	sun.jnu.encoding = UTF-8
	sun.management.compiler = HotSpot 64-Bit Tiered Compilers
	sun.rmi.dgc.client.gcInterval = 3600000
	sun.rmi.dgc.server.gcInterval = 3600000
	user.country = 419
	user.dir = /Users/kevinjapa/Downloads/wildfly-27.0.1.Final/bin
	user.home = /Users/kevinjapa
	user.language = es
	user.name = kevinjapa
	user.timezone = America/Guayaquil
2023-06-22 08:59:43,921 DEBUG [org.jboss.as.config] (MSC service thread 1-2) VM Arguments: -Dprogram.name=JBossTools: WildFly 27 -Xms1303m -Xmx1303m -XX:MetaspaceSize=96M -XX:MaxMetaspaceSize=256m -Dorg.jboss.resolver.warning=true -Djava.net.preferIPv4Stack=true -Dsun.rmi.dgc.client.gcInterval=3600000 -Dsun.rmi.dgc.server.gcInterval=3600000 -Djboss.modules.system.pkgs=org.jboss.byteman -Djava.awt.headless=true -Dorg.jboss.boot.log.file=/Users/kevinjapa/Downloads/wildfly-27.0.1.Final/standalone/log/boot.log -Dlogging.configuration=file:/Users/kevinjapa/Downloads/wildfly-27.0.1.Final/standalone/configuration/logging.properties -Djboss.home.dir=/Users/kevinjapa/Downloads/wildfly-27.0.1.Final -Dorg.jboss.logmanager.nocolor=true --add-exports=java.desktop/sun.awt=ALL-UNNAMED --add-exports=java.naming/com.sun.jndi.ldap=ALL-UNNAMED --add-opens=java.base/java.lang=ALL-UNNAMED --add-opens=java.base/java.lang.invoke=ALL-UNNAMED --add-opens=java.base/java.lang.reflect=ALL-UNNAMED --add-opens=java.base/java.io=ALL-UNNAMED --add-opens=java.base/java.security=ALL-UNNAMED --add-opens=java.base/java.util=ALL-UNNAMED --add-opens=java.base/java.util.concurrent=ALL-UNNAMED --add-opens=java.management/javax.management=ALL-UNNAMED --add-opens=java.naming/javax.naming=ALL-UNNAMED --add-exports=java.base/sun.nio.ch=ALL-UNNAMED --add-exports=jdk.unsupported/sun.misc=ALL-UNNAMED --add-exports=jdk.unsupported/sun.reflect=ALL-UNNAMED --add-modules=java.se -Djboss.bind.address.management=localhost -Dfile.encoding=UTF-8 -XX:+ShowCodeDetailsInExceptionMessages 
2023-06-22 08:59:44,311 INFO  [org.wildfly.security] (ServerService Thread Pool -- 25) ELY00001: WildFly Elytron version 2.0.0.Final
2023-06-22 08:59:44,487 WARN  [org.jboss.as.controller] (ServerService Thread Pool -- 35) WFLYCTL0481: The runtime dependency package 'io.smallrye.opentracing-contrib' is already registered at location '/subsystem=microprofile-opentracing-smallrye'
2023-06-22 08:59:44,487 WARN  [org.jboss.as.controller] (ServerService Thread Pool -- 35) WFLYCTL0481: The runtime dependency package 'io.smallrye.opentracing-contrib' is already registered at location '/subsystem=microprofile-opentracing-smallrye'
2023-06-22 08:59:44,681 INFO  [org.jboss.as.controller.management-deprecated] (ServerService Thread Pool -- 22) WFLYCTL0028: Attribute 'cluster' in the resource at address '/subsystem=ejb3/service=remote' is deprecated, and may be removed in a future version. See the attribute description in the output of the read-resource-description operation to learn more about the deprecation.
2023-06-22 08:59:44,708 INFO  [org.jboss.as.server.deployment.scanner] (DeploymentScanner-threads - 1) WFLYDS0004: Found demo.war in deployment directory. To trigger deployment create a file called demo.war.dodeploy
2023-06-22 08:59:44,762 INFO  [org.jboss.as.server] (Controller Boot Thread) WFLYSRV0039: Creating http management service using socket-binding (management-http)
2023-06-22 08:59:44,777 INFO  [org.xnio] (MSC service thread 1-1) XNIO version 3.8.8.Final
2023-06-22 08:59:44,787 INFO  [org.xnio.nio] (MSC service thread 1-1) XNIO NIO Implementation Version 3.8.8.Final
2023-06-22 08:59:44,806 INFO  [org.jboss.as.clustering.infinispan] (ServerService Thread Pool -- 56) WFLYCLINF0001: Activating Infinispan subsystem.
2023-06-22 08:59:44,806 INFO  [org.wildfly.extension.elytron.oidc._private] (ServerService Thread Pool -- 54) WFLYOIDC0001: Activating WildFly Elytron OIDC Subsystem
2023-06-22 08:59:44,808 INFO  [org.jboss.as.jaxrs] (ServerService Thread Pool -- 58) WFLYRS0016: RESTEasy version 6.2.1.Final
2023-06-22 08:59:44,812 INFO  [org.wildfly.extension.microprofile.config.smallrye] (ServerService Thread Pool -- 66) WFLYCONF0001: Activating MicroProfile Config Subsystem
2023-06-22 08:59:44,817 INFO  [org.wildfly.extension.io] (ServerService Thread Pool -- 57) WFLYIO001: Worker 'default' has auto-configured to 16 IO threads with 128 max task threads based on your 8 available processors
2023-06-22 08:59:44,819 INFO  [org.wildfly.extension.microprofile.jwt.smallrye] (ServerService Thread Pool -- 67) WFLYJWT0001: Activating MicroProfile JWT Subsystem
2023-06-22 08:59:44,821 INFO  [org.wildfly.extension.health] (ServerService Thread Pool -- 55) WFLYHEALTH0001: Activating Base Health Subsystem
2023-06-22 08:59:44,822 INFO  [org.jboss.as.connector] (MSC service thread 1-5) WFLYJCA0009: Starting Jakarta Connectors Subsystem (WildFly/IronJacamar 1.5.9.Final)
2023-06-22 08:59:44,824 INFO  [org.jboss.as.naming] (ServerService Thread Pool -- 69) WFLYNAM0001: Activating Naming Subsystem
2023-06-22 08:59:44,824 INFO  [org.jboss.as.jsf] (ServerService Thread Pool -- 63) WFLYJSF0007: Activated the following Jakarta Server Faces Implementations: [main]
2023-06-22 08:59:44,825 INFO  [org.wildfly.extension.microprofile.opentracing] (ServerService Thread Pool -- 68) WFLYTRACEXT0001: Activating MicroProfile OpenTracing Subsystem
2023-06-22 08:59:44,825 INFO  [org.wildfly.extension.metrics] (ServerService Thread Pool -- 65) WFLYMETRICS0001: Activating Base Metrics Subsystem
2023-06-22 08:59:44,830 WARN  [org.jboss.as.txn] (ServerService Thread Pool -- 76) WFLYTX0013: The node-identifier attribute on the /subsystem=transactions is set to the default value. This is a danger for environments running multiple servers. Please make sure the attribute value is unique.
2023-06-22 08:59:44,838 INFO  [org.jboss.as.webservices] (ServerService Thread Pool -- 78) WFLYWS0002: Activating WebServices Extension
2023-06-22 08:59:44,864 INFO  [org.jboss.as.connector.subsystems.datasources] (ServerService Thread Pool -- 45) WFLYJCA0004: Deploying JDBC-compliant driver class org.h2.Driver (version 2.1)
2023-06-22 08:59:44,869 INFO  [org.jboss.as.server.deployment] (MSC service thread 1-8) WFLYSRV0027: Starting deployment of "demo.war" (runtime-name: "demo.war")
2023-06-22 08:59:44,874 INFO  [org.jboss.as.connector.deployers.jdbc] (MSC service thread 1-6) WFLYJCA0018: Started Driver service with driver-name = h2
2023-06-22 08:59:44,875 INFO  [org.jboss.as.naming] (MSC service thread 1-6) WFLYNAM0003: Starting Naming Service
2023-06-22 08:59:44,877 INFO  [org.jboss.as.mail.extension] (MSC service thread 1-4) WFLYMAIL0001: Bound mail session [java:jboss/mail/Default]
2023-06-22 08:59:44,884 INFO  [org.jboss.remoting] (MSC service thread 1-1) JBoss Remoting version 5.0.26.Final
2023-06-22 08:59:44,910 WARN  [org.wildfly.extension.elytron] (MSC service thread 1-6) WFLYELY00023: KeyStore file '/Users/kevinjapa/Downloads/wildfly-27.0.1.Final/standalone/configuration/application.keystore' does not exist. Used blank.
2023-06-22 08:59:44,919 INFO  [org.wildfly.extension.undertow] (MSC service thread 1-7) WFLYUT0003: Undertow 2.3.0.Final starting
2023-06-22 08:59:44,923 WARN  [org.wildfly.extension.elytron] (MSC service thread 1-6) WFLYELY01084: KeyStore /Users/kevinjapa/Downloads/wildfly-27.0.1.Final/standalone/configuration/application.keystore not found, it will be auto generated on first use with a self-signed certificate for host localhost
2023-06-22 08:59:44,957 INFO  [org.wildfly.extension.undertow] (ServerService Thread Pool -- 77) WFLYUT0014: Creating file handler for path '/Users/kevinjapa/Downloads/wildfly-27.0.1.Final/welcome-content' with options [directory-listing: 'false', follow-symlink: 'false', case-sensitive: 'true', safe-symlink-paths: '[]']
2023-06-22 08:59:44,964 INFO  [org.wildfly.extension.undertow] (MSC service thread 1-8) WFLYUT0012: Started server default-server.
2023-06-22 08:59:44,967 INFO  [org.wildfly.extension.undertow] (MSC service thread 1-8) Queuing requests.
2023-06-22 08:59:44,970 INFO  [org.wildfly.extension.undertow] (MSC service thread 1-8) WFLYUT0018: Host default-host starting
2023-06-22 08:59:44,979 INFO  [org.jboss.as.ejb3] (MSC service thread 1-2) WFLYEJB0481: Strict pool slsb-strict-max-pool is using a max instance size of 128 (per class), which is derived from thread worker pool sizing.
2023-06-22 08:59:44,980 INFO  [org.jboss.as.ejb3] (MSC service thread 1-7) WFLYEJB0482: Strict pool mdb-strict-max-pool is using a max instance size of 32 (per class), which is derived from the number of CPUs on this host.
2023-06-22 08:59:45,018 INFO  [org.wildfly.extension.undertow] (MSC service thread 1-5) WFLYUT0006: Undertow HTTP listener default listening on 127.0.0.1:8080
2023-06-22 08:59:45,099 INFO  [org.jboss.as.ejb3] (MSC service thread 1-2) WFLYEJB0493: Jakarta Enterprise Beans subsystem suspension complete
2023-06-22 08:59:45,137 INFO  [org.wildfly.extension.undertow] (MSC service thread 1-5) WFLYUT0006: Undertow HTTPS listener https listening on 127.0.0.1:8443
2023-06-22 08:59:45,157 INFO  [org.jboss.as.connector.subsystems.datasources] (MSC service thread 1-5) WFLYJCA0001: Bound data source [java:jboss/datasources/ExampleDS]
2023-06-22 08:59:45,342 INFO  [org.jboss.as.patching] (MSC service thread 1-2) WFLYPAT0050: WildFly Full cumulative patch ID is: base, one-off patches include: none
